c:\webrtc-videoengine-demo-master\webrtc_receiver\release\vc120.pdb
c:\webrtc-videoengine-demo-master\webrtc_receiver\release\vie_window_manager_factory_win.obj
c:\webrtc-videoengine-demo-master\webrtc_receiver\release\vie_window_creator.obj
c:\webrtc-videoengine-demo-master\webrtc_receiver\release\vie_autotest_win.obj
c:\webrtc-videoengine-demo-master\webrtc_receiver\release\send_side_bandwidth_estimation.obj
c:\webrtc-videoengine-demo-master\webrtc_receiver\release\rate_statistics.obj
c:\webrtc-videoengine-demo-master\webrtc_receiver\release\overuse_detector.obj
c:\webrtc-videoengine-demo-master\webrtc_receiver\release\main_receiver.obj
c:\webrtc-videoengine-demo-master\webrtc_receiver\release\bitrate_controller_impl.obj
c:\webrtc-videoengine-demo-master\release\webrtc_videoengine_receiver.exe
c:\webrtc-videoengine-demo-master\release\webrtc_videoengine_receiver.pdb
c:\webrtc-videoengine-demo\webrtc_receiver\release\bitrate_controller_impl.obj
c:\webrtc-videoengine-demo\webrtc_receiver\release\main_receiver.obj
c:\webrtc-videoengine-demo\webrtc_receiver\release\overuse_detector.obj
c:\webrtc-videoengine-demo\webrtc_receiver\release\rate_statistics.obj
c:\webrtc-videoengine-demo\webrtc_receiver\release\send_side_bandwidth_estimation.obj
c:\webrtc-videoengine-demo\webrtc_receiver\release\vie_autotest_win.obj
c:\webrtc-videoengine-demo\webrtc_receiver\release\vie_window_creator.obj
c:\webrtc-videoengine-demo\webrtc_receiver\release\vie_window_manager_factory_win.obj
c:\webrtc-videoengine-demo\webrtc_receiver\release\vc120.pdb
c:\webrtc-videoengine-demo\release\webrtc_videoengine_receiver.pdb
c:\webrtc-videoengine-demo\release\webrtc_videoengine_receiver.exe
c:\webrtc-videoengine-demo\webrtc_receiver\release\webrtc_v.f358cef0.tlog\cl.command.1.tlog
c:\webrtc-videoengine-demo\webrtc_receiver\release\webrtc_v.f358cef0.tlog\cl.read.1.tlog
c:\webrtc-videoengine-demo\webrtc_receiver\release\webrtc_v.f358cef0.tlog\cl.write.1.tlog
c:\webrtc-videoengine-demo\webrtc_receiver\release\webrtc_v.f358cef0.tlog\link.command.1.tlog
c:\webrtc-videoengine-demo\webrtc_receiver\release\webrtc_v.f358cef0.tlog\link.read.1.tlog
c:\webrtc-videoengine-demo\webrtc_receiver\release\webrtc_v.f358cef0.tlog\link.write.1.tlog
