c:\webrtc-videoengine-demo-master\webrtc_videoengine_demo\release\vc120.pdb
c:\webrtc-videoengine-demo-master\webrtc_videoengine_demo\release\vie_window_manager_factory_win.obj
c:\webrtc-videoengine-demo-master\webrtc_videoengine_demo\release\vie_window_creator.obj
c:\webrtc-videoengine-demo-master\webrtc_videoengine_demo\release\vie_autotest_win.obj
c:\webrtc-videoengine-demo-master\webrtc_videoengine_demo\release\send_side_bandwidth_estimation.obj
c:\webrtc-videoengine-demo-master\webrtc_videoengine_demo\release\rate_statistics.obj
c:\webrtc-videoengine-demo-master\webrtc_videoengine_demo\release\overuse_detector.obj
c:\webrtc-videoengine-demo-master\webrtc_videoengine_demo\release\main.obj
c:\webrtc-videoengine-demo-master\webrtc_videoengine_demo\release\bitrate_controller_impl.obj
c:\webrtc-videoengine-demo-master\release\webrtc_videoengine_sender.exe
c:\webrtc-videoengine-demo-master\release\webrtc_videoengine_sender.pdb
c:\webrtc-videoengine-demo\webrtc_videoengine_demo\release\bitrate_controller_impl.obj
c:\webrtc-videoengine-demo\webrtc_videoengine_demo\release\main.obj
c:\webrtc-videoengine-demo\webrtc_videoengine_demo\release\overuse_detector.obj
c:\webrtc-videoengine-demo\webrtc_videoengine_demo\release\rate_statistics.obj
c:\webrtc-videoengine-demo\webrtc_videoengine_demo\release\send_side_bandwidth_estimation.obj
c:\webrtc-videoengine-demo\webrtc_videoengine_demo\release\vie_autotest_win.obj
c:\webrtc-videoengine-demo\webrtc_videoengine_demo\release\vie_window_creator.obj
c:\webrtc-videoengine-demo\webrtc_videoengine_demo\release\vie_window_manager_factory_win.obj
c:\webrtc-videoengine-demo\webrtc_videoengine_demo\release\vc120.pdb
c:\webrtc-videoengine-demo\release\webrtc_videoengine_sender.pdb
c:\webrtc-videoengine-demo\release\webrtc_videoengine_sender.exe
c:\webrtc-videoengine-demo\webrtc_videoengine_demo\release\webrtc_v.966d5fad.tlog\cl.command.1.tlog
c:\webrtc-videoengine-demo\webrtc_videoengine_demo\release\webrtc_v.966d5fad.tlog\cl.read.1.tlog
c:\webrtc-videoengine-demo\webrtc_videoengine_demo\release\webrtc_v.966d5fad.tlog\cl.write.1.tlog
c:\webrtc-videoengine-demo\webrtc_videoengine_demo\release\webrtc_v.966d5fad.tlog\link.command.1.tlog
c:\webrtc-videoengine-demo\webrtc_videoengine_demo\release\webrtc_v.966d5fad.tlog\link.read.1.tlog
c:\webrtc-videoengine-demo\webrtc_videoengine_demo\release\webrtc_v.966d5fad.tlog\link.write.1.tlog
